---------------------------------------------------------------
[ 2019-04-01T14:54:00+08:00 ] 47.92.39.202 GET szz.cshans.cn/
[运行时间：0.014658s] [吞吐率：68.22req/s] [内存消耗：1,882.78kb] [文件加载：31]
[ info ] [ LANG ] /www/wwwroot/szz/thinkphp/lang/zh-cn.php
[ info ] [ LOG ] INIT File
---------------------------------------------------------------
[ 2019-04-01T15:24:27+08:00 ] 223.104.105.251 GET szz.cshans.cn/advert/20190329/2843e95c3af1d9dae29705041cdeae84.png
[运行时间：0.026009s] [吞吐率：38.45req/s] [内存消耗：2,286.19kb] [文件加载：38]
[ info ] [ LANG ] /www/wwwroot/szz/thinkphp/lang/zh-cn.php
[ info ] [ ROUTE ] array (
  'type' => 'module',
  'module' => 
  array (
    0 => 'admin',
    1 => 'Advert',
    2 => 'get20190329',
  ),
  'convert' => false,
)
[ info ] [ HEADER ] array (
  'host' => 'szz.cshans.cn',
  'user-agent' => 'Mozilla/5.0 (Macintosh; Intel Mac OS X 10_14_4) AppleWebKit/537.36 (KHTML, like Gecko) Chrome/73.0.3683.86 Safari/537.36',
  'accept' => 'image/webp,image/apng,image/*,*/*;q=0.8',
  'accept-encoding' => 'gzip, deflate',
  'accept-language' => 'zh-CN,zh;q=0.9,en-US;q=0.8,en;q=0.7,zh-TW;q=0.6,ja;q=0.5',
  'cookie' => 'PHPSESSID=qocvchv1tofu8b7hqv3cinp6e7; sid=21',
  'if-modified-since' => 'Fri, 29 Mar 2019 12:38:54 GMT',
  'if-none-match' => '"bce6a-5853af430c48e"',
  'proxy-connection' => 'keep-alive',
  'referer' => 'http://szz.cshans.cn/index/custom',
  'x-lantern-version' => '5.3.1',
)
[ info ] [ PARAM ] array (
  'action' => '20190329',
)
[ info ] [ SESSION ] INIT array (
  'id' => '',
  'var_session_id' => '',
  'prefix' => 'think',
  'type' => '',
  'auto_start' => true,
)
[ info ] [ LOG ] INIT File
---------------------------------------------------------------
[ 2019-04-01T15:24:27+08:00 ] 223.104.105.251 GET szz.cshans.cn/logo/20190329/8b32ec93527a82dc4e940bd3a9089857.png
[运行时间：0.026859s] [吞吐率：37.23req/s] [内存消耗：2,282.26kb] [文件加载：38]
[ info ] [ LANG ] /www/wwwroot/szz/thinkphp/lang/zh-cn.php
[ info ] [ ROUTE ] array (
  'type' => 'module',
  'module' => 
  array (
    0 => 'admin',
    1 => 'Logo',
    2 => 'get20190329',
  ),
  'convert' => false,
)
[ info ] [ HEADER ] array (
  'host' => 'szz.cshans.cn',
  'user-agent' => 'Mozilla/5.0 (Macintosh; Intel Mac OS X 10_14_4) AppleWebKit/537.36 (KHTML, like Gecko) Chrome/73.0.3683.86 Safari/537.36',
  'accept' => 'image/webp,image/apng,image/*,*/*;q=0.8',
  'accept-encoding' => 'gzip, deflate',
  'accept-language' => 'zh-CN,zh;q=0.9,en-US;q=0.8,en;q=0.7,zh-TW;q=0.6,ja;q=0.5',
  'cookie' => 'PHPSESSID=qocvchv1tofu8b7hqv3cinp6e7; sid=21',
  'if-modified-since' => 'Fri, 29 Mar 2019 11:19:50 GMT',
  'if-none-match' => '"50bd-58539d96885a8"',
  'proxy-connection' => 'keep-alive',
  'referer' => 'http://szz.cshans.cn/index/custom',
  'x-lantern-version' => '5.3.1',
)
[ info ] [ PARAM ] array (
  'action' => '20190329',
)
[ info ] [ SESSION ] INIT array (
  'id' => '',
  'var_session_id' => '',
  'prefix' => 'think',
  'type' => '',
  'auto_start' => true,
)
[ info ] [ LOG ] INIT File
---------------------------------------------------------------
[ 2019-04-01T16:29:01+08:00 ] 117.136.104.38 GET szz.cshans.cn/logs/index
[运行时间：0.023285s] [吞吐率：42.95req/s] [内存消耗：3,247.41kb] [文件加载：42]
[ info ] [ LANG ] /www/wwwroot/szz/thinkphp/lang/zh-cn.php
[ info ] [ ROUTE ] array (
  'type' => 'module',
  'module' => 
  array (
    0 => 'index',
    1 => 'login',
    2 => 'getindex',
  ),
  'convert' => false,
)
[ info ] [ HEADER ] array (
  'host' => 'szz.cshans.cn',
  'connection' => 'keep-alive',
  'upgrade-insecure-requests' => '1',
  'user-agent' => 'Mozilla/5.0 (Macintosh; Intel Mac OS X 10_14_4) AppleWebKit/537.36 (KHTML, like Gecko) Chrome/73.0.3683.86 Safari/537.36',
  'accept' => 'text/html,application/xhtml+xml,application/xml;q=0.9,image/webp,image/apng,*/*;q=0.8,application/signed-exchange;v=b3',
  'accept-encoding' => 'gzip, deflate',
  'accept-language' => 'zh-CN,zh;q=0.9,en-US;q=0.8,en;q=0.7,zh-TW;q=0.6,ja;q=0.5',
  'cookie' => 'PHPSESSID=qocvchv1tofu8b7hqv3cinp6e7; sid=21',
)
[ info ] [ PARAM ] array (
  'action' => 'index',
)
[ info ] [ RUN ] app\index\controller\Login->getindex[ /www/wwwroot/szz/application/index/controller/Login.php ]
[ info ] [ DB ] INIT mysql
[ info ] [ VIEW ] /www/wwwroot/szz/public/../application/index/view/login/login.html [ array (
  0 => 'logo',
) ]
[ info ] [ LOG ] INIT File
[ sql ] [ DB ] CONNECT:[ UseTime:0.000362s ] mysql:host=127.0.0.1;dbname=moban;charset=utf8
[ sql ] [ SQL ] SHOW COLUMNS FROM `logo` [ RunTime:0.000716s ]
[ sql ] [ SQL ] SELECT `logo` FROM `logo` WHERE  `id` = 1 LIMIT 1 [ RunTime:0.000252s ]
---------------------------------------------------------------
[ 2019-04-01T16:36:46+08:00 ] 223.104.105.251 GET szz.cshans.cn/index/index
[运行时间：0.015898s] [吞吐率：62.90req/s] [内存消耗：2,232.91kb] [文件加载：37]
[ info ] [ LANG ] /www/wwwroot/szz/thinkphp/lang/zh-cn.php
[ info ] [ ROUTE ] array (
  'type' => 'module',
  'module' => 
  array (
    0 => 'index',
    1 => 'index',
    2 => 'getindex',
  ),
  'convert' => false,
)
[ info ] [ HEADER ] array (
  'host' => 'szz.cshans.cn',
  'connection' => 'keep-alive',
  'accept' => 'text/html,application/xhtml+xml,application/xml;q=0.9,image/webp,*/*;q=0.8',
  'user-agent' => 'Mozilla/5.0 (Windows NT 6.1; WOW64) AppleWebKit/537.36 (KHTML, like Gecko) Chrome/39.0.2171.95 Safari/537.36 MicroMessenger/6.5.2.501 NetType/WIFI WindowsWechat QBCore/3.43.901.400 QQBrowser/9.0.2524.400',
  'accept-encoding' => 'gzip, deflate',
  'accept-language' => 'zh-CN,zh;q=0.8,en-us;q=0.6,en;q=0.5;q=0.4',
)
[ info ] [ PARAM ] array (
  'action' => 'index',
)
[ info ] [ LOG ] INIT File
---------------------------------------------------------------
[ 2019-04-01T16:36:46+08:00 ] 223.104.105.251 GET szz.cshans.cn/logs/index
[运行时间：0.022698s] [吞吐率：44.06req/s] [内存消耗：3,246.72kb] [文件加载：42]
[ info ] [ LANG ] /www/wwwroot/szz/thinkphp/lang/zh-cn.php
[ info ] [ ROUTE ] array (
  'type' => 'module',
  'module' => 
  array (
    0 => 'index',
    1 => 'login',
    2 => 'getindex',
  ),
  'convert' => false,
)
[ info ] [ HEADER ] array (
  'host' => 'szz.cshans.cn',
  'connection' => 'keep-alive',
  'accept' => 'text/html,application/xhtml+xml,application/xml;q=0.9,image/webp,*/*;q=0.8',
  'user-agent' => 'Mozilla/5.0 (Windows NT 6.1; WOW64) AppleWebKit/537.36 (KHTML, like Gecko) Chrome/39.0.2171.95 Safari/537.36 MicroMessenger/6.5.2.501 NetType/WIFI WindowsWechat QBCore/3.43.901.400 QQBrowser/9.0.2524.400',
  'accept-encoding' => 'gzip, deflate',
  'accept-language' => 'zh-CN,zh;q=0.8,en-us;q=0.6,en;q=0.5;q=0.4',
)
[ info ] [ PARAM ] array (
  'action' => 'index',
)
[ info ] [ RUN ] app\index\controller\Login->getindex[ /www/wwwroot/szz/application/index/controller/Login.php ]
[ info ] [ DB ] INIT mysql
[ info ] [ VIEW ] /www/wwwroot/szz/public/../application/index/view/login/login.html [ array (
  0 => 'logo',
) ]
[ info ] [ LOG ] INIT File
[ sql ] [ DB ] CONNECT:[ UseTime:0.000323s ] mysql:host=127.0.0.1;dbname=moban;charset=utf8
[ sql ] [ SQL ] SHOW COLUMNS FROM `logo` [ RunTime:0.000673s ]
[ sql ] [ SQL ] SELECT `logo` FROM `logo` WHERE  `id` = 1 LIMIT 1 [ RunTime:0.000232s ]
---------------------------------------------------------------
[ 2019-04-01T16:36:47+08:00 ] 223.104.105.251 GET szz.cshans.cn/logs/index
[运行时间：0.023997s] [吞吐率：41.67req/s] [内存消耗：3,247.02kb] [文件加载：42]
[ info ] [ LANG ] /www/wwwroot/szz/thinkphp/lang/zh-cn.php
[ info ] [ ROUTE ] array (
  'type' => 'module',
  'module' => 
  array (
    0 => 'index',
    1 => 'login',
    2 => 'getindex',
  ),
  'convert' => false,
)
[ info ] [ HEADER ] array (
  'host' => 'szz.cshans.cn',
  'connection' => 'keep-alive',
  'upgrade-insecure-requests' => '1',
  'user-agent' => 'Mozilla/5.0 (Windows NT 6.1; Win64; x64) AppleWebKit/537.36 (KHTML, like Gecko) Chrome/72.0.3626.121 Safari/537.36',
  'accept' => 'text/html,application/xhtml+xml,application/xml;q=0.9,image/webp,image/apng,*/*;q=0.8',
  'accept-encoding' => 'gzip, deflate',
  'accept-language' => 'zh-CN,zh;q=0.9',
)
[ info ] [ PARAM ] array (
  'action' => 'index',
)
[ info ] [ RUN ] app\index\controller\Login->getindex[ /www/wwwroot/szz/application/index/controller/Login.php ]
[ info ] [ DB ] INIT mysql
[ info ] [ VIEW ] /www/wwwroot/szz/public/../application/index/view/login/login.html [ array (
  0 => 'logo',
) ]
[ info ] [ LOG ] INIT File
[ sql ] [ DB ] CONNECT:[ UseTime:0.000317s ] mysql:host=127.0.0.1;dbname=moban;charset=utf8
[ sql ] [ SQL ] SHOW COLUMNS FROM `logo` [ RunTime:0.000672s ]
[ sql ] [ SQL ] SELECT `logo` FROM `logo` WHERE  `id` = 1 LIMIT 1 [ RunTime:0.000262s ]
---------------------------------------------------------------
[ 2019-04-01T16:36:59+08:00 ] 223.104.105.251 POST szz.cshans.cn/logs/log
[运行时间：0.023768s] [吞吐率：42.07req/s] [内存消耗：3,306.54kb] [文件加载：43]
[ info ] [ LANG ] /www/wwwroot/szz/thinkphp/lang/zh-cn.php
[ info ] [ ROUTE ] array (
  'type' => 'module',
  'module' => 
  array (
    0 => 'index',
    1 => 'login',
    2 => 'postlog',
  ),
  'convert' => false,
)
[ info ] [ HEADER ] array (
  'host' => 'szz.cshans.cn',
  'connection' => 'keep-alive',
  'accept' => '*/*',
  'origin' => 'http://szz.cshans.cn',
  'x-requested-with' => 'XMLHttpRequest',
  'user-agent' => 'Mozilla/5.0 (Windows NT 6.1; Win64; x64) AppleWebKit/537.36 (KHTML, like Gecko) Chrome/72.0.3626.121 Safari/537.36',
  'referer' => 'http://szz.cshans.cn/logs/index',
  'accept-encoding' => 'gzip, deflate',
  'accept-language' => 'zh-CN,zh;q=0.9',
  'content-type' => 'application/x-www-form-urlencoded; charset=UTF-8',
  'content-length' => '32',
)
[ info ] [ PARAM ] array (
  'name' => '13578792133',
  'password' => '123123',
  'action' => 'log',
)
[ info ] [ RUN ] app\index\controller\Login->postlog[ /www/wwwroot/szz/application/index/controller/Login.php ]
[ info ] [ DB ] INIT mysql
[ info ] [ LOG ] INIT File
[ sql ] [ DB ] CONNECT:[ UseTime:0.000336s ] mysql:host=127.0.0.1;dbname=moban;charset=utf8
[ sql ] [ SQL ] SHOW COLUMNS FROM `tenant` [ RunTime:0.000716s ]
[ sql ] [ SQL ] SELECT * FROM `tenant` WHERE  `phone` = '13578792133' LIMIT 1 [ RunTime:0.000344s ]
---------------------------------------------------------------
[ 2019-04-01T16:37:01+08:00 ] 223.104.105.251 GET szz.cshans.cn/index/index
[运行时间：0.028477s] [吞吐率：35.12req/s] [内存消耗：3,362.00kb] [文件加载：44]
[ info ] [ LANG ] /www/wwwroot/szz/thinkphp/lang/zh-cn.php
[ info ] [ ROUTE ] array (
  'type' => 'module',
  'module' => 
  array (
    0 => 'index',
    1 => 'index',
    2 => 'getindex',
  ),
  'convert' => false,
)
[ info ] [ HEADER ] array (
  'host' => 'szz.cshans.cn',
  'connection' => 'keep-alive',
  'upgrade-insecure-requests' => '1',
  'user-agent' => 'Mozilla/5.0 (Windows NT 6.1; Win64; x64) AppleWebKit/537.36 (KHTML, like Gecko) Chrome/72.0.3626.121 Safari/537.36',
  'accept' => 'text/html,application/xhtml+xml,application/xml;q=0.9,image/webp,image/apng,*/*;q=0.8',
  'referer' => 'http://szz.cshans.cn/logs/index',
  'accept-encoding' => 'gzip, deflate',
  'accept-language' => 'zh-CN,zh;q=0.9',
  'cookie' => 'sid=21',
)
[ info ] [ PARAM ] array (
  'action' => 'index',
)
[ info ] [ RUN ] app\index\controller\Index->getindex[ /www/wwwroot/szz/application/index/controller/Index.php ]
[ info ] [ DB ] INIT mysql
[ info ] [ VIEW ] /www/wwwroot/szz/public/../application/index/view/index/index.html [ array (
  0 => 'list',
  1 => 'info',
  2 => 'er',
  3 => 'template',
) ]
[ info ] [ LOG ] INIT File
[ sql ] [ DB ] CONNECT:[ UseTime:0.000331s ] mysql:host=127.0.0.1;dbname=moban;charset=utf8
[ sql ] [ SQL ] SHOW COLUMNS FROM `show_template` [ RunTime:0.000669s ]
[ sql ] [ SQL ] SELECT `type`,`template` FROM `show_template` WHERE  `sid` = 21 [ RunTime:0.000297s ]
[ sql ] [ SQL ] SHOW COLUMNS FROM `template` [ RunTime:0.000549s ]
[ sql ] [ SQL ] SELECT * FROM `template` WHERE  `id` IN (57,65,59,63,64) [ RunTime:0.000238s ]
[ sql ] [ SQL ] SELECT * FROM `template` WHERE  `id` IN (60,62) [ RunTime:0.000201s ]
[ sql ] [ SQL ] SELECT `cate` FROM `show_template` `ur` INNER JOIN `cate` `c` ON `c`.`id`=`ur`.`type` WHERE  `ur`.`sid` = '21' [ RunTime:0.000261s ]
[ sql ] [ SQL ] SHOW COLUMNS FROM `tenant` [ RunTime:0.000554s ]
[ sql ] [ SQL ] SELECT * FROM `tenant` WHERE  `id` = 21 LIMIT 1 [ RunTime:0.000281s ]
[ sql ] [ SQL ] SHOW COLUMNS FROM `erweima` [ RunTime:0.000529s ]
[ sql ] [ SQL ] SELECT `erweima` FROM `erweima` WHERE  `pid` = 21 LIMIT 1 [ RunTime:0.000184s ]
---------------------------------------------------------------
[ 2019-04-01T16:37:03+08:00 ] 223.104.105.251 GET szz.cshans.cn/index/see?id=57
[运行时间：0.016082s] [吞吐率：62.18req/s] [内存消耗：2,234.90kb] [文件加载：37]
[ info ] [ LANG ] /www/wwwroot/szz/thinkphp/lang/zh-cn.php
[ info ] [ ROUTE ] array (
  'type' => 'module',
  'module' => 
  array (
    0 => 'index',
    1 => 'index',
    2 => 'getsee',
  ),
  'convert' => false,
)
[ info ] [ HEADER ] array (
  'host' => 'szz.cshans.cn',
  'connection' => 'keep-alive',
  'upgrade-insecure-requests' => '1',
  'user-agent' => 'Mozilla/5.0 (Windows NT 6.1; Win64; x64) AppleWebKit/537.36 (KHTML, like Gecko) Chrome/72.0.3626.121 Safari/537.36',
  'accept' => 'text/html,application/xhtml+xml,application/xml;q=0.9,image/webp,image/apng,*/*;q=0.8',
  'referer' => 'http://szz.cshans.cn/index/index',
  'accept-encoding' => 'gzip, deflate',
  'accept-language' => 'zh-CN,zh;q=0.9',
  'cookie' => 'sid=21',
)
[ info ] [ PARAM ] array (
  'id' => '57',
  'action' => 'see',
)
[ info ] [ RUN ] app\index\controller\Index->getsee[ /www/wwwroot/szz/application/index/controller/Index.php ]
[ info ] [ LOG ] INIT File
---------------------------------------------------------------
[ 2019-04-01T16:37:03+08:00 ] 223.104.105.251 GET szz.cshans.cn/temp/see?id=57
[运行时间：0.023978s] [吞吐率：41.70req/s] [内存消耗：3,307.43kb] [文件加载：42]
[ info ] [ LANG ] /www/wwwroot/szz/thinkphp/lang/zh-cn.php
[ info ] [ ROUTE ] array (
  'type' => 'module',
  'module' => 
  array (
    0 => 'index',
    1 => 'template',
    2 => 'getsee',
  ),
  'convert' => false,
)
[ info ] [ HEADER ] array (
  'host' => 'szz.cshans.cn',
  'connection' => 'keep-alive',
  'upgrade-insecure-requests' => '1',
  'user-agent' => 'Mozilla/5.0 (Windows NT 6.1; Win64; x64) AppleWebKit/537.36 (KHTML, like Gecko) Chrome/72.0.3626.121 Safari/537.36',
  'accept' => 'text/html,application/xhtml+xml,application/xml;q=0.9,image/webp,image/apng,*/*;q=0.8',
  'referer' => 'http://szz.cshans.cn/index/index',
  'accept-encoding' => 'gzip, deflate',
  'accept-language' => 'zh-CN,zh;q=0.9',
  'cookie' => 'sid=21',
)
[ info ] [ PARAM ] array (
  'id' => '57',
  'action' => 'see',
)
[ info ] [ RUN ] app\index\controller\Template->getsee[ /www/wwwroot/szz/application/index/controller/Template.php ]
[ info ] [ DB ] INIT mysql
[ info ] [ VIEW ] /www/wwwroot/szz/public/../application/index/view/temp/see1.html [ array (
  0 => 'id',
) ]
[ info ] [ LOG ] INIT File
[ sql ] [ DB ] CONNECT:[ UseTime:0.000384s ] mysql:host=127.0.0.1;dbname=moban;charset=utf8
[ sql ] [ SQL ] SHOW COLUMNS FROM `template` [ RunTime:0.000714s ]
[ sql ] [ SQL ] SELECT `file` FROM `template` WHERE  `id` = 57 LIMIT 1 [ RunTime:0.000239s ]
---------------------------------------------------------------
[ 2019-04-01T16:37:36+08:00 ] 223.104.105.251 GET szz.cshans.cn/index/see?id=62
[运行时间：0.015855s] [吞吐率：63.07req/s] [内存消耗：2,234.90kb] [文件加载：37]
[ info ] [ LANG ] /www/wwwroot/szz/thinkphp/lang/zh-cn.php
[ info ] [ ROUTE ] array (
  'type' => 'module',
  'module' => 
  array (
    0 => 'index',
    1 => 'index',
    2 => 'getsee',
  ),
  'convert' => false,
)
[ info ] [ HEADER ] array (
  'host' => 'szz.cshans.cn',
  'connection' => 'keep-alive',
  'upgrade-insecure-requests' => '1',
  'user-agent' => 'Mozilla/5.0 (Windows NT 6.1; Win64; x64) AppleWebKit/537.36 (KHTML, like Gecko) Chrome/72.0.3626.121 Safari/537.36',
  'accept' => 'text/html,application/xhtml+xml,application/xml;q=0.9,image/webp,image/apng,*/*;q=0.8',
  'referer' => 'http://szz.cshans.cn/index/index',
  'accept-encoding' => 'gzip, deflate',
  'accept-language' => 'zh-CN,zh;q=0.9',
  'cookie' => 'sid=21',
)
[ info ] [ PARAM ] array (
  'id' => '62',
  'action' => 'see',
)
[ info ] [ RUN ] app\index\controller\Index->getsee[ /www/wwwroot/szz/application/index/controller/Index.php ]
[ info ] [ LOG ] INIT File
---------------------------------------------------------------
[ 2019-04-01T16:37:37+08:00 ] 223.104.105.251 GET szz.cshans.cn/temp/see?id=62
[运行时间：0.023595s] [吞吐率：42.38req/s] [内存消耗：3,307.43kb] [文件加载：42]
[ info ] [ LANG ] /www/wwwroot/szz/thinkphp/lang/zh-cn.php
[ info ] [ ROUTE ] array (
  'type' => 'module',
  'module' => 
  array (
    0 => 'index',
    1 => 'template',
    2 => 'getsee',
  ),
  'convert' => false,
)
[ info ] [ HEADER ] array (
  'host' => 'szz.cshans.cn',
  'connection' => 'keep-alive',
  'upgrade-insecure-requests' => '1',
  'user-agent' => 'Mozilla/5.0 (Windows NT 6.1; Win64; x64) AppleWebKit/537.36 (KHTML, like Gecko) Chrome/72.0.3626.121 Safari/537.36',
  'accept' => 'text/html,application/xhtml+xml,application/xml;q=0.9,image/webp,image/apng,*/*;q=0.8',
  'referer' => 'http://szz.cshans.cn/index/index',
  'accept-encoding' => 'gzip, deflate',
  'accept-language' => 'zh-CN,zh;q=0.9',
  'cookie' => 'sid=21',
)
[ info ] [ PARAM ] array (
  'id' => '62',
  'action' => 'see',
)
[ info ] [ RUN ] app\index\controller\Template->getsee[ /www/wwwroot/szz/application/index/controller/Template.php ]
[ info ] [ DB ] INIT mysql
[ info ] [ VIEW ] /www/wwwroot/szz/public/../application/index/view/temp/see1.html [ array (
  0 => 'id',
) ]
[ info ] [ LOG ] INIT File
[ sql ] [ DB ] CONNECT:[ UseTime:0.000327s ] mysql:host=127.0.0.1;dbname=moban;charset=utf8
[ sql ] [ SQL ] SHOW COLUMNS FROM `template` [ RunTime:0.000672s ]
[ sql ] [ SQL ] SELECT `file` FROM `template` WHERE  `id` = 62 LIMIT 1 [ RunTime:0.000253s ]
---------------------------------------------------------------
[ 2019-04-01T16:37:45+08:00 ] 61.129.6.225 GET szz.cshans.cn/index/index
[运行时间：0.015866s] [吞吐率：63.03req/s] [内存消耗：2,231.98kb] [文件加载：37]
[ info ] [ LANG ] /www/wwwroot/szz/thinkphp/lang/zh-cn.php
[ info ] [ ROUTE ] array (
  'type' => 'module',
  'module' => 
  array (
    0 => 'index',
    1 => 'index',
    2 => 'getindex',
  ),
  'convert' => false,
)
[ info ] [ HEADER ] array (
  'user-agent' => 'Mozilla/5.0 (iPhone; CPU iPhone OS 10_2_1 like Mac OS X) AppleWebKit/602.4.6 (KHTML, like Gecko) Mobile/14D27 MicroMessenger/6.5.5 NetType/WIFI Language/zh_CN',
  'accept' => '*/*',
  'accept-language' => 'zh-CN,zh;q=0.8,en-US;q=0.6,en;q=0.4',
  'host' => 'szz.cshans.cn',
  'connection' => 'keep-alive',
)
[ info ] [ PARAM ] array (
  'action' => 'index',
)
[ info ] [ LOG ] INIT File
---------------------------------------------------------------
[ 2019-04-01T16:37:46+08:00 ] 61.151.178.236 GET szz.cshans.cn/logs/index
[运行时间：0.023194s] [吞吐率：43.11req/s] [内存消耗：3,246.22kb] [文件加载：42]
[ info ] [ LANG ] /www/wwwroot/szz/thinkphp/lang/zh-cn.php
[ info ] [ ROUTE ] array (
  'type' => 'module',
  'module' => 
  array (
    0 => 'index',
    1 => 'login',
    2 => 'getindex',
  ),
  'convert' => false,
)
[ info ] [ HEADER ] array (
  'user-agent' => 'Mozilla/5.0 (Linux; Android 5.1.1; SM801 Build/LMY47V; wv) AppleWebKit/537.36 (KHTML, like Gecko) Version/4.0 Chrome/53.0.2785.49 Mobile MQQBrowser/6.2 TBS/043024 Safari/537.36 MicroMessenger/6.5.4.1000 NetType/4G Language/zh_CN',
  'accept' => '*/*',
  'accept-language' => 'zh-CN,zh;q=0.8,en-US;q=0.6,en;q=0.4',
  'host' => 'szz.cshans.cn',
  'connection' => 'keep-alive',
)
[ info ] [ PARAM ] array (
  'action' => 'index',
)
[ info ] [ RUN ] app\index\controller\Login->getindex[ /www/wwwroot/szz/application/index/controller/Login.php ]
[ info ] [ DB ] INIT mysql
[ info ] [ VIEW ] /www/wwwroot/szz/public/../application/index/view/login/login.html [ array (
  0 => 'logo',
) ]
[ info ] [ LOG ] INIT File
[ sql ] [ DB ] CONNECT:[ UseTime:0.000330s ] mysql:host=127.0.0.1;dbname=moban;charset=utf8
[ sql ] [ SQL ] SHOW COLUMNS FROM `logo` [ RunTime:0.000662s ]
[ sql ] [ SQL ] SELECT `logo` FROM `logo` WHERE  `id` = 1 LIMIT 1 [ RunTime:0.000229s ]
---------------------------------------------------------------
[ 2019-04-01T16:37:50+08:00 ] 223.104.105.251 GET szz.cshans.cn/temp/see?id=62
[运行时间：0.025085s] [吞吐率：39.86req/s] [内存消耗：3,307.34kb] [文件加载：42]
[ info ] [ LANG ] /www/wwwroot/szz/thinkphp/lang/zh-cn.php
[ info ] [ ROUTE ] array (
  'type' => 'module',
  'module' => 
  array (
    0 => 'index',
    1 => 'template',
    2 => 'getsee',
  ),
  'convert' => false,
)
[ info ] [ HEADER ] array (
  'host' => 'szz.cshans.cn',
  'connection' => 'keep-alive',
  'cache-control' => 'max-age=0',
  'upgrade-insecure-requests' => '1',
  'user-agent' => 'Mozilla/5.0 (Windows NT 6.1; Win64; x64) AppleWebKit/537.36 (KHTML, like Gecko) Chrome/72.0.3626.121 Safari/537.36',
  'accept' => 'text/html,application/xhtml+xml,application/xml;q=0.9,image/webp,image/apng,*/*;q=0.8',
  'referer' => 'http://szz.cshans.cn/index/index',
  'accept-encoding' => 'gzip, deflate',
  'accept-language' => 'zh-CN,zh;q=0.9',
  'cookie' => 'sid=21',
)
[ info ] [ PARAM ] array (
  'id' => '62',
  'action' => 'see',
)
[ info ] [ RUN ] app\index\controller\Template->getsee[ /www/wwwroot/szz/application/index/controller/Template.php ]
[ info ] [ DB ] INIT mysql
[ info ] [ VIEW ] /www/wwwroot/szz/public/../application/index/view/temp/see1.html [ array (
  0 => 'id',
) ]
[ info ] [ LOG ] INIT File
[ sql ] [ DB ] CONNECT:[ UseTime:0.000369s ] mysql:host=127.0.0.1;dbname=moban;charset=utf8
[ sql ] [ SQL ] SHOW COLUMNS FROM `template` [ RunTime:0.000688s ]
[ sql ] [ SQL ] SELECT `file` FROM `template` WHERE  `id` = 62 LIMIT 1 [ RunTime:0.000263s ]
---------------------------------------------------------------
[ 2019-04-01T16:38:40+08:00 ] 223.104.105.251 GET szz.cshans.cn/index/see?id=64
[运行时间：0.016026s] [吞吐率：62.40req/s] [内存消耗：2,234.90kb] [文件加载：37]
[ info ] [ LANG ] /www/wwwroot/szz/thinkphp/lang/zh-cn.php
[ info ] [ ROUTE ] array (
  'type' => 'module',
  'module' => 
  array (
    0 => 'index',
    1 => 'index',
    2 => 'getsee',
  ),
  'convert' => false,
)
[ info ] [ HEADER ] array (
  'host' => 'szz.cshans.cn',
  'connection' => 'keep-alive',
  'upgrade-insecure-requests' => '1',
  'user-agent' => 'Mozilla/5.0 (Windows NT 6.1; Win64; x64) AppleWebKit/537.36 (KHTML, like Gecko) Chrome/72.0.3626.121 Safari/537.36',
  'accept' => 'text/html,application/xhtml+xml,application/xml;q=0.9,image/webp,image/apng,*/*;q=0.8',
  'referer' => 'http://szz.cshans.cn/index/index',
  'accept-encoding' => 'gzip, deflate',
  'accept-language' => 'zh-CN,zh;q=0.9',
  'cookie' => 'sid=21',
)
[ info ] [ PARAM ] array (
  'id' => '64',
  'action' => 'see',
)
[ info ] [ RUN ] app\index\controller\Index->getsee[ /www/wwwroot/szz/application/index/controller/Index.php ]
[ info ] [ LOG ] INIT File
---------------------------------------------------------------
[ 2019-04-01T16:38:40+08:00 ] 223.104.105.251 GET szz.cshans.cn/temp/see?id=64
[运行时间：0.023941s] [吞吐率：41.77req/s] [内存消耗：3,307.43kb] [文件加载：42]
[ info ] [ LANG ] /www/wwwroot/szz/thinkphp/lang/zh-cn.php
[ info ] [ ROUTE ] array (
  'type' => 'module',
  'module' => 
  array (
    0 => 'index',
    1 => 'template',
    2 => 'getsee',
  ),
  'convert' => false,
)
[ info ] [ HEADER ] array (
  'host' => 'szz.cshans.cn',
  'connection' => 'keep-alive',
  'upgrade-insecure-requests' => '1',
  'user-agent' => 'Mozilla/5.0 (Windows NT 6.1; Win64; x64) AppleWebKit/537.36 (KHTML, like Gecko) Chrome/72.0.3626.121 Safari/537.36',
  'accept' => 'text/html,application/xhtml+xml,application/xml;q=0.9,image/webp,image/apng,*/*;q=0.8',
  'referer' => 'http://szz.cshans.cn/index/index',
  'accept-encoding' => 'gzip, deflate',
  'accept-language' => 'zh-CN,zh;q=0.9',
  'cookie' => 'sid=21',
)
[ info ] [ PARAM ] array (
  'id' => '64',
  'action' => 'see',
)
[ info ] [ RUN ] app\index\controller\Template->getsee[ /www/wwwroot/szz/application/index/controller/Template.php ]
[ info ] [ DB ] INIT mysql
[ info ] [ VIEW ] /www/wwwroot/szz/public/../application/index/view/temp/see1.html [ array (
  0 => 'id',
) ]
[ info ] [ LOG ] INIT File
[ sql ] [ DB ] CONNECT:[ UseTime:0.000346s ] mysql:host=127.0.0.1;dbname=moban;charset=utf8
[ sql ] [ SQL ] SHOW COLUMNS FROM `template` [ RunTime:0.000680s ]
[ sql ] [ SQL ] SELECT `file` FROM `template` WHERE  `id` = 64 LIMIT 1 [ RunTime:0.000233s ]
---------------------------------------------------------------
[ 2019-04-01T16:39:02+08:00 ] 223.104.105.251 GET szz.cshans.cn/index/see?id=59
[运行时间：0.015685s] [吞吐率：63.75req/s] [内存消耗：2,234.90kb] [文件加载：37]
[ info ] [ LANG ] /www/wwwroot/szz/thinkphp/lang/zh-cn.php
[ info ] [ ROUTE ] array (
  'type' => 'module',
  'module' => 
  array (
    0 => 'index',
    1 => 'index',
    2 => 'getsee',
  ),
  'convert' => false,
)
[ info ] [ HEADER ] array (
  'host' => 'szz.cshans.cn',
  'connection' => 'keep-alive',
  'upgrade-insecure-requests' => '1',
  'user-agent' => 'Mozilla/5.0 (Windows NT 6.1; Win64; x64) AppleWebKit/537.36 (KHTML, like Gecko) Chrome/72.0.3626.121 Safari/537.36',
  'accept' => 'text/html,application/xhtml+xml,application/xml;q=0.9,image/webp,image/apng,*/*;q=0.8',
  'referer' => 'http://szz.cshans.cn/index/index',
  'accept-encoding' => 'gzip, deflate',
  'accept-language' => 'zh-CN,zh;q=0.9',
  'cookie' => 'sid=21',
)
[ info ] [ PARAM ] array (
  'id' => '59',
  'action' => 'see',
)
[ info ] [ RUN ] app\index\controller\Index->getsee[ /www/wwwroot/szz/application/index/controller/Index.php ]
[ info ] [ LOG ] INIT File
---------------------------------------------------------------
[ 2019-04-01T16:39:02+08:00 ] 223.104.105.251 GET szz.cshans.cn/temp/see?id=59
[运行时间：0.024588s] [吞吐率：40.67req/s] [内存消耗：3,307.39kb] [文件加载：42]
[ info ] [ LANG ] /www/wwwroot/szz/thinkphp/lang/zh-cn.php
[ info ] [ ROUTE ] array (
  'type' => 'module',
  'module' => 
  array (
    0 => 'index',
    1 => 'template',
    2 => 'getsee',
  ),
  'convert' => false,
)
[ info ] [ HEADER ] array (
  'host' => 'szz.cshans.cn',
  'connection' => 'keep-alive',
  'upgrade-insecure-requests' => '1',
  'user-agent' => 'Mozilla/5.0 (Windows NT 6.1; Win64; x64) AppleWebKit/537.36 (KHTML, like Gecko) Chrome/72.0.3626.121 Safari/537.36',
  'accept' => 'text/html,application/xhtml+xml,application/xml;q=0.9,image/webp,image/apng,*/*;q=0.8',
  'referer' => 'http://szz.cshans.cn/index/index',
  'accept-encoding' => 'gzip, deflate',
  'accept-language' => 'zh-CN,zh;q=0.9',
  'cookie' => 'sid=21',
)
[ info ] [ PARAM ] array (
  'id' => '59',
  'action' => 'see',
)
[ info ] [ RUN ] app\index\controller\Template->getsee[ /www/wwwroot/szz/application/index/controller/Template.php ]
[ info ] [ DB ] INIT mysql
[ info ] [ VIEW ] /www/wwwroot/szz/public/../application/index/view/temp/see2.html [ array (
  0 => 'id',
) ]
[ info ] [ LOG ] INIT File
[ sql ] [ DB ] CONNECT:[ UseTime:0.000321s ] mysql:host=127.0.0.1;dbname=moban;charset=utf8
[ sql ] [ SQL ] SHOW COLUMNS FROM `template` [ RunTime:0.000693s ]
[ sql ] [ SQL ] SELECT `file` FROM `template` WHERE  `id` = 59 LIMIT 1 [ RunTime:0.000237s ]
---------------------------------------------------------------
[ 2019-04-01T16:39:17+08:00 ] 223.104.105.251 GET szz.cshans.cn/temp/see?id=59
[运行时间：0.024542s] [吞吐率：40.75req/s] [内存消耗：3,307.32kb] [文件加载：42]
[ info ] [ LANG ] /www/wwwroot/szz/thinkphp/lang/zh-cn.php
[ info ] [ ROUTE ] array (
  'type' => 'module',
  'module' => 
  array (
    0 => 'index',
    1 => 'template',
    2 => 'getsee',
  ),
  'convert' => false,
)
[ info ] [ HEADER ] array (
  'host' => 'szz.cshans.cn',
  'connection' => 'keep-alive',
  'cache-control' => 'max-age=0',
  'upgrade-insecure-requests' => '1',
  'user-agent' => 'Mozilla/5.0 (Windows NT 6.1; Win64; x64) AppleWebKit/537.36 (KHTML, like Gecko) Chrome/72.0.3626.121 Safari/537.36',
  'accept' => 'text/html,application/xhtml+xml,application/xml;q=0.9,image/webp,image/apng,*/*;q=0.8',
  'referer' => 'http://szz.cshans.cn/index/index',
  'accept-encoding' => 'gzip, deflate',
  'accept-language' => 'zh-CN,zh;q=0.9',
  'cookie' => 'sid=21',
)
[ info ] [ PARAM ] array (
  'id' => '59',
  'action' => 'see',
)
[ info ] [ RUN ] app\index\controller\Template->getsee[ /www/wwwroot/szz/application/index/controller/Template.php ]
[ info ] [ DB ] INIT mysql
[ info ] [ VIEW ] /www/wwwroot/szz/public/../application/index/view/temp/see2.html [ array (
  0 => 'id',
) ]
[ info ] [ LOG ] INIT File
[ sql ] [ DB ] CONNECT:[ UseTime:0.000346s ] mysql:host=127.0.0.1;dbname=moban;charset=utf8
[ sql ] [ SQL ] SHOW COLUMNS FROM `template` [ RunTime:0.000734s ]
[ sql ] [ SQL ] SELECT `file` FROM `template` WHERE  `id` = 59 LIMIT 1 [ RunTime:0.000244s ]
---------------------------------------------------------------
[ 2019-04-01T16:46:14+08:00 ] 223.104.105.251 GET szz.cshans.cn/index/index
[运行时间：0.015291s] [吞吐率：65.40req/s] [内存消耗：2,232.91kb] [文件加载：37]
[ info ] [ LANG ] /www/wwwroot/szz/thinkphp/lang/zh-cn.php
[ info ] [ ROUTE ] array (
  'type' => 'module',
  'module' => 
  array (
    0 => 'index',
    1 => 'index',
    2 => 'getindex',
  ),
  'convert' => false,
)
[ info ] [ HEADER ] array (
  'host' => 'szz.cshans.cn',
  'connection' => 'keep-alive',
  'accept' => 'text/html,application/xhtml+xml,application/xml;q=0.9,image/webp,*/*;q=0.8',
  'user-agent' => 'Mozilla/5.0 (Windows NT 6.1; WOW64) AppleWebKit/537.36 (KHTML, like Gecko) Chrome/39.0.2171.95 Safari/537.36 MicroMessenger/6.5.2.501 NetType/WIFI WindowsWechat QBCore/3.43.901.400 QQBrowser/9.0.2524.400',
  'accept-encoding' => 'gzip, deflate',
  'accept-language' => 'zh-CN,zh;q=0.8,en-us;q=0.6,en;q=0.5;q=0.4',
)
[ info ] [ PARAM ] array (
  'action' => 'index',
)
[ info ] [ LOG ] INIT File
---------------------------------------------------------------
[ 2019-04-01T16:46:15+08:00 ] 223.104.105.251 GET szz.cshans.cn/logs/index
[运行时间：0.023867s] [吞吐率：41.90req/s] [内存消耗：3,246.72kb] [文件加载：42]
[ info ] [ LANG ] /www/wwwroot/szz/thinkphp/lang/zh-cn.php
[ info ] [ ROUTE ] array (
  'type' => 'module',
  'module' => 
  array (
    0 => 'index',
    1 => 'login',
    2 => 'getindex',
  ),
  'convert' => false,
)
[ info ] [ HEADER ] array (
  'host' => 'szz.cshans.cn',
  'connection' => 'keep-alive',
  'accept' => 'text/html,application/xhtml+xml,application/xml;q=0.9,image/webp,*/*;q=0.8',
  'user-agent' => 'Mozilla/5.0 (Windows NT 6.1; WOW64) AppleWebKit/537.36 (KHTML, like Gecko) Chrome/39.0.2171.95 Safari/537.36 MicroMessenger/6.5.2.501 NetType/WIFI WindowsWechat QBCore/3.43.901.400 QQBrowser/9.0.2524.400',
  'accept-encoding' => 'gzip, deflate',
  'accept-language' => 'zh-CN,zh;q=0.8,en-us;q=0.6,en;q=0.5;q=0.4',
)
[ info ] [ PARAM ] array (
  'action' => 'index',
)
[ info ] [ RUN ] app\index\controller\Login->getindex[ /www/wwwroot/szz/application/index/controller/Login.php ]
[ info ] [ DB ] INIT mysql
[ info ] [ VIEW ] /www/wwwroot/szz/public/../application/index/view/login/login.html [ array (
  0 => 'logo',
) ]
[ info ] [ LOG ] INIT File
[ sql ] [ DB ] CONNECT:[ UseTime:0.000325s ] mysql:host=127.0.0.1;dbname=moban;charset=utf8
[ sql ] [ SQL ] SHOW COLUMNS FROM `logo` [ RunTime:0.000686s ]
[ sql ] [ SQL ] SELECT `logo` FROM `logo` WHERE  `id` = 1 LIMIT 1 [ RunTime:0.000240s ]
---------------------------------------------------------------
[ 2019-04-01T19:32:55+08:00 ] 58.21.75.59 GET szz.cshans.cn/index/ad
[运行时间：0.015794s] [吞吐率：63.32req/s] [内存消耗：2,233.20kb] [文件加载：37]
[ info ] [ LANG ] /www/wwwroot/szz/thinkphp/lang/zh-cn.php
[ info ] [ ROUTE ] array (
  'type' => 'module',
  'module' => 
  array (
    0 => 'index',
    1 => 'index',
    2 => 'getad',
  ),
  'convert' => false,
)
[ info ] [ HEADER ] array (
  'host' => 'szz.cshans.cn',
  'connection' => 'keep-alive',
  'upgrade-insecure-requests' => '1',
  'user-agent' => 'Mozilla/5.0 (Windows NT 6.1; WOW64) AppleWebKit/537.36 (KHTML, like Gecko) Chrome/63.0.3239.26 Safari/537.36 Core/1.63.6721.400 QQBrowser/10.2.2243.400',
  'accept' => 'text/html,application/xhtml+xml,application/xml;q=0.9,image/webp,image/apng,*/*;q=0.8',
  'accept-encoding' => 'gzip, deflate',
  'accept-language' => 'zh-CN,zh;q=0.9',
)
[ info ] [ PARAM ] array (
  'action' => 'ad',
)
[ info ] [ LOG ] INIT File
---------------------------------------------------------------
[ 2019-04-01T19:32:55+08:00 ] 58.21.75.59 GET szz.cshans.cn/logs/index
[运行时间：0.023599s] [吞吐率：42.37req/s] [内存消耗：3,247.23kb] [文件加载：42]
[ info ] [ LANG ] /www/wwwroot/szz/thinkphp/lang/zh-cn.php
[ info ] [ ROUTE ] array (
  'type' => 'module',
  'module' => 
  array (
    0 => 'index',
    1 => 'login',
    2 => 'getindex',
  ),
  'convert' => false,
)
[ info ] [ HEADER ] array (
  'host' => 'szz.cshans.cn',
  'connection' => 'keep-alive',
  'upgrade-insecure-requests' => '1',
  'user-agent' => 'Mozilla/5.0 (Windows NT 6.1; WOW64) AppleWebKit/537.36 (KHTML, like Gecko) Chrome/63.0.3239.26 Safari/537.36 Core/1.63.6721.400 QQBrowser/10.2.2243.400',
  'accept' => 'text/html,application/xhtml+xml,application/xml;q=0.9,image/webp,image/apng,*/*;q=0.8',
  'accept-encoding' => 'gzip, deflate',
  'accept-language' => 'zh-CN,zh;q=0.9',
)
[ info ] [ PARAM ] array (
  'action' => 'index',
)
[ info ] [ RUN ] app\index\controller\Login->getindex[ /www/wwwroot/szz/application/index/controller/Login.php ]
[ info ] [ DB ] INIT mysql
[ info ] [ VIEW ] /www/wwwroot/szz/public/../application/index/view/login/login.html [ array (
  0 => 'logo',
) ]
[ info ] [ LOG ] INIT File
[ sql ] [ DB ] CONNECT:[ UseTime:0.000337s ] mysql:host=127.0.0.1;dbname=moban;charset=utf8
[ sql ] [ SQL ] SHOW COLUMNS FROM `logo` [ RunTime:0.000692s ]
[ sql ] [ SQL ] SELECT `logo` FROM `logo` WHERE  `id` = 1 LIMIT 1 [ RunTime:0.000234s ]
---------------------------------------------------------------
[ 2019-04-01T19:33:11+08:00 ] 58.21.75.59 POST szz.cshans.cn/logs/log
[运行时间：0.023953s] [吞吐率：41.75req/s] [内存消耗：3,307.08kb] [文件加载：43]
[ info ] [ LANG ] /www/wwwroot/szz/thinkphp/lang/zh-cn.php
[ info ] [ ROUTE ] array (
  'type' => 'module',
  'module' => 
  array (
    0 => 'index',
    1 => 'login',
    2 => 'postlog',
  ),
  'convert' => false,
)
[ info ] [ HEADER ] array (
  'host' => 'szz.cshans.cn',
  'connection' => 'keep-alive',
  'accept' => '*/*',
  'origin' => 'http://szz.cshans.cn',
  'x-requested-with' => 'XMLHttpRequest',
  'user-agent' => 'Mozilla/5.0 (Windows NT 6.1; WOW64) AppleWebKit/537.36 (KHTML, like Gecko) Chrome/63.0.3239.26 Safari/537.36 Core/1.63.6721.400 QQBrowser/10.2.2243.400',
  'referer' => 'http://szz.cshans.cn/logs/index',
  'accept-encoding' => 'gzip, deflate',
  'accept-language' => 'zh-CN,zh;q=0.9',
  'content-type' => 'application/x-www-form-urlencoded; charset=UTF-8',
  'content-length' => '32',
)
[ info ] [ PARAM ] array (
  'name' => '13578792133',
  'password' => '123123',
  'action' => 'log',
)
[ info ] [ RUN ] app\index\controller\Login->postlog[ /www/wwwroot/szz/application/index/controller/Login.php ]
[ info ] [ DB ] INIT mysql
[ info ] [ LOG ] INIT File
[ sql ] [ DB ] CONNECT:[ UseTime:0.000341s ] mysql:host=127.0.0.1;dbname=moban;charset=utf8
[ sql ] [ SQL ] SHOW COLUMNS FROM `tenant` [ RunTime:0.000740s ]
[ sql ] [ SQL ] SELECT * FROM `tenant` WHERE  `phone` = '13578792133' LIMIT 1 [ RunTime:0.000291s ]
---------------------------------------------------------------
[ 2019-04-01T19:33:12+08:00 ] 58.21.75.59 GET szz.cshans.cn/index/index
[运行时间：0.028366s] [吞吐率：35.25req/s] [内存消耗：3,362.28kb] [文件加载：44]
[ info ] [ LANG ] /www/wwwroot/szz/thinkphp/lang/zh-cn.php
[ info ] [ ROUTE ] array (
  'type' => 'module',
  'module' => 
  array (
    0 => 'index',
    1 => 'index',
    2 => 'getindex',
  ),
  'convert' => false,
)
[ info ] [ HEADER ] array (
  'host' => 'szz.cshans.cn',
  'connection' => 'keep-alive',
  'upgrade-insecure-requests' => '1',
  'user-agent' => 'Mozilla/5.0 (Windows NT 6.1; WOW64) AppleWebKit/537.36 (KHTML, like Gecko) Chrome/63.0.3239.26 Safari/537.36 Core/1.63.6721.400 QQBrowser/10.2.2243.400',
  'accept' => 'text/html,application/xhtml+xml,application/xml;q=0.9,image/webp,image/apng,*/*;q=0.8',
  'referer' => 'http://szz.cshans.cn/logs/index',
  'accept-encoding' => 'gzip, deflate',
  'accept-language' => 'zh-CN,zh;q=0.9',
  'cookie' => 'sid=21',
)
[ info ] [ PARAM ] array (
  'action' => 'index',
)
[ info ] [ RUN ] app\index\controller\Index->getindex[ /www/wwwroot/szz/application/index/controller/Index.php ]
[ info ] [ DB ] INIT mysql
[ info ] [ VIEW ] /www/wwwroot/szz/public/../application/index/view/index/index.html [ array (
  0 => 'list',
  1 => 'info',
  2 => 'er',
  3 => 'template',
) ]
[ info ] [ LOG ] INIT File
[ sql ] [ DB ] CONNECT:[ UseTime:0.000371s ] mysql:host=127.0.0.1;dbname=moban;charset=utf8
[ sql ] [ SQL ] SHOW COLUMNS FROM `show_template` [ RunTime:0.000690s ]
[ sql ] [ SQL ] SELECT `type`,`template` FROM `show_template` WHERE  `sid` = 21 [ RunTime:0.000242s ]
[ sql ] [ SQL ] SHOW COLUMNS FROM `template` [ RunTime:0.000582s ]
[ sql ] [ SQL ] SELECT * FROM `template` WHERE  `id` IN (57,65,59,63,64) [ RunTime:0.000238s ]
[ sql ] [ SQL ] SELECT * FROM `template` WHERE  `id` IN (60,62) [ RunTime:0.000205s ]
[ sql ] [ SQL ] SELECT `cate` FROM `show_template` `ur` INNER JOIN `cate` `c` ON `c`.`id`=`ur`.`type` WHERE  `ur`.`sid` = '21' [ RunTime:0.000194s ]
[ sql ] [ SQL ] SHOW COLUMNS FROM `tenant` [ RunTime:0.000563s ]
[ sql ] [ SQL ] SELECT * FROM `tenant` WHERE  `id` = 21 LIMIT 1 [ RunTime:0.000225s ]
[ sql ] [ SQL ] SHOW COLUMNS FROM `erweima` [ RunTime:0.000513s ]
[ sql ] [ SQL ] SELECT `erweima` FROM `erweima` WHERE  `pid` = 21 LIMIT 1 [ RunTime:0.000190s ]
---------------------------------------------------------------
[ 2019-04-01T19:33:14+08:00 ] 58.21.75.59 GET szz.cshans.cn/index/custom
[运行时间：0.025195s] [吞吐率：39.69req/s] [内存消耗：3,336.54kb] [文件加载：44]
[ info ] [ LANG ] /www/wwwroot/szz/thinkphp/lang/zh-cn.php
[ info ] [ ROUTE ] array (
  'type' => 'module',
  'module' => 
  array (
    0 => 'index',
    1 => 'index',
    2 => 'getcustom',
  ),
  'convert' => false,
)
[ info ] [ HEADER ] array (
  'host' => 'szz.cshans.cn',
  'connection' => 'keep-alive',
  'upgrade-insecure-requests' => '1',
  'user-agent' => 'Mozilla/5.0 (Windows NT 6.1; WOW64) AppleWebKit/537.36 (KHTML, like Gecko) Chrome/63.0.3239.26 Safari/537.36 Core/1.63.6721.400 QQBrowser/10.2.2243.400',
  'accept' => 'text/html,application/xhtml+xml,application/xml;q=0.9,image/webp,image/apng,*/*;q=0.8',
  'referer' => 'http://szz.cshans.cn/index/index',
  'accept-encoding' => 'gzip, deflate',
  'accept-language' => 'zh-CN,zh;q=0.9',
  'cookie' => 'sid=21',
)
[ info ] [ PARAM ] array (
  'action' => 'custom',
)
[ info ] [ RUN ] app\index\controller\Index->getcustom[ /www/wwwroot/szz/application/index/controller/Index.php ]
[ info ] [ DB ] INIT mysql
[ info ] [ VIEW ] /www/wwwroot/szz/public/../application/index/view/index/custom.html [ array (
  0 => 'logo',
  1 => 'info',
) ]
[ info ] [ LOG ] INIT File
[ sql ] [ DB ] CONNECT:[ UseTime:0.000395s ] mysql:host=127.0.0.1;dbname=moban;charset=utf8
[ sql ] [ SQL ] SHOW COLUMNS FROM `tenant` [ RunTime:0.000727s ]
[ sql ] [ SQL ] SELECT `logo` FROM `tenant` WHERE  `id` = 21 LIMIT 1 [ RunTime:0.000299s ]
[ sql ] [ SQL ] SHOW COLUMNS FROM `advert` [ RunTime:0.000542s ]
[ sql ] [ SQL ] SELECT * FROM `advert` WHERE  `id` = 1 LIMIT 1 [ RunTime:0.000220s ]
---------------------------------------------------------------
[ 2019-04-01T19:33:15+08:00 ] 58.21.75.59 GET szz.cshans.cn/index/ad
[运行时间：0.025648s] [吞吐率：38.99req/s] [内存消耗：3,342.26kb] [文件加载：44]
[ info ] [ LANG ] /www/wwwroot/szz/thinkphp/lang/zh-cn.php
[ info ] [ ROUTE ] array (
  'type' => 'module',
  'module' => 
  array (
    0 => 'index',
    1 => 'index',
    2 => 'getad',
  ),
  'convert' => false,
)
[ info ] [ HEADER ] array (
  'host' => 'szz.cshans.cn',
  'connection' => 'keep-alive',
  'upgrade-insecure-requests' => '1',
  'user-agent' => 'Mozilla/5.0 (Windows NT 6.1; WOW64) AppleWebKit/537.36 (KHTML, like Gecko) Chrome/63.0.3239.26 Safari/537.36 Core/1.63.6721.400 QQBrowser/10.2.2243.400',
  'accept' => 'text/html,application/xhtml+xml,application/xml;q=0.9,image/webp,image/apng,*/*;q=0.8',
  'referer' => 'http://szz.cshans.cn/index/custom',
  'accept-encoding' => 'gzip, deflate',
  'accept-language' => 'zh-CN,zh;q=0.9',
  'cookie' => 'sid=21',
)
[ info ] [ PARAM ] array (
  'action' => 'ad',
)
[ info ] [ RUN ] app\index\controller\Index->getad[ /www/wwwroot/szz/application/index/controller/Index.php ]
[ info ] [ DB ] INIT mysql
[ info ] [ VIEW ] /www/wwwroot/szz/public/../application/index/view/index/add2.html [ array (
  0 => 'logo',
  1 => 'info',
) ]
[ info ] [ LOG ] INIT File
[ sql ] [ DB ] CONNECT:[ UseTime:0.000342s ] mysql:host=127.0.0.1;dbname=moban;charset=utf8
[ sql ] [ SQL ] SHOW COLUMNS FROM `tenant` [ RunTime:0.000730s ]
[ sql ] [ SQL ] SELECT `logo` FROM `tenant` WHERE  `id` = 21 LIMIT 1 [ RunTime:0.000257s ]
[ sql ] [ SQL ] SHOW COLUMNS FROM `verts` [ RunTime:0.000555s ]
[ sql ] [ SQL ] SELECT * FROM `verts` WHERE  `sid` = 21 LIMIT 1 [ RunTime:0.000220s ]
---------------------------------------------------------------
[ 2019-04-01T19:33:17+08:00 ] 58.21.75.59 GET szz.cshans.cn/index/find
[运行时间：0.027058s] [吞吐率：36.96req/s] [内存消耗：3,528.19kb] [文件加载：48]
[ info ] [ LANG ] /www/wwwroot/szz/thinkphp/lang/zh-cn.php
[ info ] [ ROUTE ] array (
  'type' => 'module',
  'module' => 
  array (
    0 => 'index',
    1 => 'index',
    2 => 'getfind',
  ),
  'convert' => false,
)
[ info ] [ HEADER ] array (
  'host' => 'szz.cshans.cn',
  'connection' => 'keep-alive',
  'upgrade-insecure-requests' => '1',
  'user-agent' => 'Mozilla/5.0 (Windows NT 6.1; WOW64) AppleWebKit/537.36 (KHTML, like Gecko) Chrome/63.0.3239.26 Safari/537.36 Core/1.63.6721.400 QQBrowser/10.2.2243.400',
  'accept' => 'text/html,application/xhtml+xml,application/xml;q=0.9,image/webp,image/apng,*/*;q=0.8',
  'referer' => 'http://szz.cshans.cn/index/ad',
  'accept-encoding' => 'gzip, deflate',
  'accept-language' => 'zh-CN,zh;q=0.9',
  'cookie' => 'sid=21',
)
[ info ] [ PARAM ] array (
  'action' => 'find',
)
[ info ] [ RUN ] app\index\controller\Index->getfind[ /www/wwwroot/szz/application/index/controller/Index.php ]
[ info ] [ DB ] INIT mysql
[ info ] [ VIEW ] /www/wwwroot/szz/public/../application/index/view/index/find.html [ array (
  0 => 'page',
  1 => 'logo',
  2 => 'select_user',
) ]
[ info ] [ LOG ] INIT File
[ sql ] [ DB ] CONNECT:[ UseTime:0.000333s ] mysql:host=127.0.0.1;dbname=moban;charset=utf8
[ sql ] [ SQL ] SHOW COLUMNS FROM `tenant` [ RunTime:0.000730s ]
[ sql ] [ SQL ] SELECT `logo` FROM `tenant` WHERE  `id` = 21 LIMIT 1 [ RunTime:0.000260s ]
[ sql ] [ SQL ] SHOW COLUMNS FROM `mb_user` [ RunTime:0.000605s ]
[ sql ] [ SQL ] SELECT COUNT(*) AS tp_count FROM `mb_user` WHERE  `sid` = 21 LIMIT 1 [ RunTime:0.000220s ]
[ sql ] [ SQL ] SELECT * FROM `mb_user` WHERE  `sid` = 21 ORDER BY `id` DESC LIMIT 0,5 [ RunTime:0.000242s ]
---------------------------------------------------------------
[ 2019-04-01T19:33:17+08:00 ] 58.21.75.59 GET szz.cshans.cn/index/img/tongzhi.png
[运行时间：0.018128s] [吞吐率：55.16req/s] [内存消耗：2,341.54kb] [文件加载：39]
[ info ] [ LANG ] /www/wwwroot/szz/thinkphp/lang/zh-cn.php
[ info ] [ ROUTE ] array (
  'type' => 'module',
  'module' => 
  array (
    0 => 'index',
    1 => 'index',
    2 => 'getimg',
  ),
  'convert' => false,
)
[ info ] [ HEADER ] array (
  'host' => 'szz.cshans.cn',
  'connection' => 'keep-alive',
  'user-agent' => 'Mozilla/5.0 (Windows NT 6.1; WOW64) AppleWebKit/537.36 (KHTML, like Gecko) Chrome/63.0.3239.26 Safari/537.36 Core/1.63.6721.400 QQBrowser/10.2.2243.400',
  'accept' => 'image/webp,image/apng,image/*,*/*;q=0.8',
  'referer' => 'http://szz.cshans.cn/index/find',
  'accept-encoding' => 'gzip, deflate',
  'accept-language' => 'zh-CN,zh;q=0.9',
  'cookie' => 'sid=21',
)
[ info ] [ PARAM ] array (
  'action' => 'img',
)
[ info ] [ LOG ] INIT File
---------------------------------------------------------------
[ 2019-04-01T19:33:17+08:00 ] 58.21.75.59 GET szz.cshans.cn/index/img/tongzhi.png
[运行时间：0.018310s] [吞吐率：54.62req/s] [内存消耗：2,341.54kb] [文件加载：39]
[ info ] [ LANG ] /www/wwwroot/szz/thinkphp/lang/zh-cn.php
[ info ] [ ROUTE ] array (
  'type' => 'module',
  'module' => 
  array (
    0 => 'index',
    1 => 'index',
    2 => 'getimg',
  ),
  'convert' => false,
)
[ info ] [ HEADER ] array (
  'host' => 'szz.cshans.cn',
  'connection' => 'keep-alive',
  'user-agent' => 'Mozilla/5.0 (Windows NT 6.1; WOW64) AppleWebKit/537.36 (KHTML, like Gecko) Chrome/63.0.3239.26 Safari/537.36 Core/1.63.6721.400 QQBrowser/10.2.2243.400',
  'accept' => 'image/webp,image/apng,image/*,*/*;q=0.8',
  'referer' => 'http://szz.cshans.cn/index/find',
  'accept-encoding' => 'gzip, deflate',
  'accept-language' => 'zh-CN,zh;q=0.9',
  'cookie' => 'sid=21',
)
[ info ] [ PARAM ] array (
  'action' => 'img',
)
[ info ] [ LOG ] INIT File
---------------------------------------------------------------
[ 2019-04-01T19:33:18+08:00 ] 58.21.75.59 GET szz.cshans.cn/index/video
[运行时间：0.025802s] [吞吐率：38.76req/s] [内存消耗：3,346.20kb] [文件加载：44]
[ info ] [ LANG ] /www/wwwroot/szz/thinkphp/lang/zh-cn.php
[ info ] [ ROUTE ] array (
  'type' => 'module',
  'module' => 
  array (
    0 => 'index',
    1 => 'index',
    2 => 'getvideo',
  ),
  'convert' => false,
)
[ info ] [ HEADER ] array (
  'host' => 'szz.cshans.cn',
  'connection' => 'keep-alive',
  'upgrade-insecure-requests' => '1',
  'user-agent' => 'Mozilla/5.0 (Windows NT 6.1; WOW64) AppleWebKit/537.36 (KHTML, like Gecko) Chrome/63.0.3239.26 Safari/537.36 Core/1.63.6721.400 QQBrowser/10.2.2243.400',
  'accept' => 'text/html,application/xhtml+xml,application/xml;q=0.9,image/webp,image/apng,*/*;q=0.8',
  'referer' => 'http://szz.cshans.cn/index/find',
  'accept-encoding' => 'gzip, deflate',
  'accept-language' => 'zh-CN,zh;q=0.9',
  'cookie' => 'sid=21',
)
[ info ] [ PARAM ] array (
  'action' => 'video',
)
[ info ] [ RUN ] app\index\controller\Index->getvideo[ /www/wwwroot/szz/application/index/controller/Index.php ]
[ info ] [ DB ] INIT mysql
[ info ] [ VIEW ] /www/wwwroot/szz/public/../application/index/view/index/video.html [ array (
  0 => 'logo',
  1 => 'cate',
  2 => 'result',
) ]
[ info ] [ LOG ] INIT File
[ sql ] [ DB ] CONNECT:[ UseTime:0.000328s ] mysql:host=127.0.0.1;dbname=moban;charset=utf8
[ sql ] [ SQL ] SHOW COLUMNS FROM `tenant` [ RunTime:0.000707s ]
[ sql ] [ SQL ] SELECT `logo` FROM `tenant` WHERE  `id` = 21 LIMIT 1 [ RunTime:0.000240s ]
[ sql ] [ SQL ] SHOW COLUMNS FROM `video` [ RunTime:0.000527s ]
[ sql ] [ SQL ] SELECT * FROM `video` ORDER BY `fid` ASC [ RunTime:0.000188s ]
[ sql ] [ SQL ] SHOW COLUMNS FROM `cate` [ RunTime:0.000492s ]
[ sql ] [ SQL ] SELECT * FROM `cate` ORDER BY `id` ASC [ RunTime:0.000184s ]
---------------------------------------------------------------
[ 2019-04-01T19:33:23+08:00 ] 58.21.75.59 GET szz.cshans.cn/index/index
[运行时间：0.029167s] [吞吐率：34.29req/s] [内存消耗：3,362.05kb] [文件加载：44]
[ info ] [ LANG ] /www/wwwroot/szz/thinkphp/lang/zh-cn.php
[ info ] [ ROUTE ] array (
  'type' => 'module',
  'module' => 
  array (
    0 => 'index',
    1 => 'index',
    2 => 'getindex',
  ),
  'convert' => false,
)
[ info ] [ HEADER ] array (
  'host' => 'szz.cshans.cn',
  'connection' => 'keep-alive',
  'upgrade-insecure-requests' => '1',
  'user-agent' => 'Mozilla/5.0 (Windows NT 6.1; WOW64) AppleWebKit/537.36 (KHTML, like Gecko) Chrome/63.0.3239.26 Safari/537.36 Core/1.63.6721.400 QQBrowser/10.2.2243.400',
  'accept' => 'text/html,application/xhtml+xml,application/xml;q=0.9,image/webp,image/apng,*/*;q=0.8',
  'referer' => 'http://szz.cshans.cn/index/video',
  'accept-encoding' => 'gzip, deflate',
  'accept-language' => 'zh-CN,zh;q=0.9',
  'cookie' => 'sid=21',
)
[ info ] [ PARAM ] array (
  'action' => 'index',
)
[ info ] [ RUN ] app\index\controller\Index->getindex[ /www/wwwroot/szz/application/index/controller/Index.php ]
[ info ] [ DB ] INIT mysql
[ info ] [ VIEW ] /www/wwwroot/szz/public/../application/index/view/index/index.html [ array (
  0 => 'list',
  1 => 'info',
  2 => 'er',
  3 => 'template',
) ]
[ info ] [ LOG ] INIT File
[ sql ] [ DB ] CONNECT:[ UseTime:0.000318s ] mysql:host=127.0.0.1;dbname=moban;charset=utf8
[ sql ] [ SQL ] SHOW COLUMNS FROM `show_template` [ RunTime:0.000669s ]
[ sql ] [ SQL ] SELECT `type`,`template` FROM `show_template` WHERE  `sid` = 21 [ RunTime:0.000257s ]
[ sql ] [ SQL ] SHOW COLUMNS FROM `template` [ RunTime:0.000525s ]
[ sql ] [ SQL ] SELECT * FROM `template` WHERE  `id` IN (57,65,59,63,64) [ RunTime:0.000255s ]
[ sql ] [ SQL ] SELECT * FROM `template` WHERE  `id` IN (60,62) [ RunTime:0.000210s ]
[ sql ] [ SQL ] SELECT `cate` FROM `show_template` `ur` INNER JOIN `cate` `c` ON `c`.`id`=`ur`.`type` WHERE  `ur`.`sid` = '21' [ RunTime:0.000209s ]
[ sql ] [ SQL ] SHOW COLUMNS FROM `tenant` [ RunTime:0.000539s ]
[ sql ] [ SQL ] SELECT * FROM `tenant` WHERE  `id` = 21 LIMIT 1 [ RunTime:0.000234s ]
[ sql ] [ SQL ] SHOW COLUMNS FROM `erweima` [ RunTime:0.000495s ]
[ sql ] [ SQL ] SELECT `erweima` FROM `erweima` WHERE  `pid` = 21 LIMIT 1 [ RunTime:0.000202s ]
---------------------------------------------------------------
[ 2019-04-01T19:33:55+08:00 ] 223.166.151.199 GET szz.cshans.cn/index/ad
[运行时间：0.015513s] [吞吐率：64.46req/s] [内存消耗：2,232.29kb] [文件加载：37]
[ info ] [ LANG ] /www/wwwroot/szz/thinkphp/lang/zh-cn.php
[ info ] [ ROUTE ] array (
  'type' => 'module',
  'module' => 
  array (
    0 => 'index',
    1 => 'index',
    2 => 'getad',
  ),
  'convert' => false,
)
[ info ] [ HEADER ] array (
  'user-agent' => 'Mozilla/5.0 (Windows NT 6.1; WOW64) AppleWebKit/537.36 (KHTML, like Gecko) Chrome/45.0.2454.101 Safari/537.36',
  'accept' => '*/*',
  'referer' => 'blank',
  'accept-language' => 'zh-CN,zh;q=0.8,en-US;q=0.6,en;q=0.4',
  'host' => 'szz.cshans.cn',
  'connection' => 'keep-alive',
)
[ info ] [ PARAM ] array (
  'action' => 'ad',
)
[ info ] [ LOG ] INIT File
---------------------------------------------------------------
[ 2019-04-01T19:34:12+08:00 ] 223.166.151.197 GET szz.cshans.cn/index/index
[运行时间：0.015290s] [吞吐率：65.40req/s] [内存消耗：2,232.78kb] [文件加载：37]
[ info ] [ LANG ] /www/wwwroot/szz/thinkphp/lang/zh-cn.php
[ info ] [ ROUTE ] array (
  'type' => 'module',
  'module' => 
  array (
    0 => 'index',
    1 => 'index',
    2 => 'getindex',
  ),
  'convert' => false,
)
[ info ] [ HEADER ] array (
  'user-agent' => 'Mozilla/5.0 (Windows NT 6.1; WOW64; Trident/7.0; SLCC2; .NET CLR 2.0.50727; .NET CLR 3.5.30729; .NET CLR 3.0.30729; Media Center PC 6.0; .NET4.0C; .NET4.0E; InfoPath.3; rv:11.0) like Gecko',
  'accept' => '*/*',
  'referer' => 'blank',
  'accept-language' => 'zh-CN,zh;q=0.8,en-US;q=0.6,en;q=0.4',
  'host' => 'szz.cshans.cn',
  'connection' => 'keep-alive',
)
[ info ] [ PARAM ] array (
  'action' => 'index',
)
[ info ] [ LOG ] INIT File
---------------------------------------------------------------
[ 2019-04-01T19:34:18+08:00 ] 58.247.204.63 GET szz.cshans.cn/index/video
[运行时间：0.015671s] [吞吐率：63.81req/s] [内存消耗：2,232.08kb] [文件加载：37]
[ info ] [ LANG ] /www/wwwroot/szz/thinkphp/lang/zh-cn.php
[ info ] [ ROUTE ] array (
  'type' => 'module',
  'module' => 
  array (
    0 => 'index',
    1 => 'index',
    2 => 'getvideo',
  ),
  'convert' => false,
)
[ info ] [ HEADER ] array (
  'user-agent' => 'Mozilla/5.0 (Windows NT 6.1; WOW64) AppleWebKit/537.36 (KHTML, like Gecko) Chrome/45.0.2454.101 Safari/537.36',
  'accept' => '*/*',
  'referer' => 'blank',
  'accept-language' => 'zh-CN,zh;q=0.8,en-US;q=0.6,en;q=0.4',
  'host' => 'szz.cshans.cn',
  'connection' => 'keep-alive',
)
[ info ] [ PARAM ] array (
  'action' => 'video',
)
[ info ] [ LOG ] INIT File
---------------------------------------------------------------
[ 2019-04-01T22:47:59+08:00 ] 58.21.75.59 GET szz.cshans.cn/index/ad
[运行时间：0.015905s] [吞吐率：62.87req/s] [内存消耗：2,233.20kb] [文件加载：37]
[ info ] [ LANG ] /www/wwwroot/szz/thinkphp/lang/zh-cn.php
[ info ] [ ROUTE ] array (
  'type' => 'module',
  'module' => 
  array (
    0 => 'index',
    1 => 'index',
    2 => 'getad',
  ),
  'convert' => false,
)
[ info ] [ HEADER ] array (
  'host' => 'szz.cshans.cn',
  'connection' => 'keep-alive',
  'upgrade-insecure-requests' => '1',
  'user-agent' => 'Mozilla/5.0 (Windows NT 6.1; WOW64) AppleWebKit/537.36 (KHTML, like Gecko) Chrome/63.0.3239.26 Safari/537.36 Core/1.63.6721.400 QQBrowser/10.2.2243.400',
  'accept' => 'text/html,application/xhtml+xml,application/xml;q=0.9,image/webp,image/apng,*/*;q=0.8',
  'accept-encoding' => 'gzip, deflate',
  'accept-language' => 'zh-CN,zh;q=0.9',
)
[ info ] [ PARAM ] array (
  'action' => 'ad',
)
[ info ] [ LOG ] INIT File
